

X Value: 0

Input Pattern: 1xxx001xx0001x011000xxx01100xx110
Input Vector With X Assigned: 100000100000100110000000110000110
Fault Free: 0000001001000010100101010
Detected : 1231/1
Faulty Response: 0000001001000010100101011

Input Pattern: 1xxx101xx0001x010xxxxxxxx0xxxxx1x
Input Vector With X Assigned: 100010100000100100000000000000010
Fault Free: 1000001101000000101001001
Detected : 2829/1
Faulty Response: 2222222222222222201001000

Input Pattern: 1xxx001xx1001x011000xx0111000x111
Input Vector With X Assigned: 100000100100100110000001110000111
Fault Free: 0000101001000010111110110
Detected : 1697/0
Faulty Response: 0000101001000010111110111

Input Pattern: 1xxx001xx1101x011000xx0111000x111
Input Vector With X Assigned: 100000100110100110000001110000111
Fault Free: 0000101001001010110010111
Detected : 1697/0
Faulty Response: 0000101001001010110010110
Detected : 1661/1
Faulty Response: 0000101001001010110010110

Input Pattern: xxxxxxxxxx0xxxxx0000xxx011x1x01x1Input Vector With X Assigned: 000000000000000000000000110100101
Fault Free: 0000000000000100100000110
Detected : 2129/1
Faulty Response: 0000000000001100100000110

X Value: 1

Input Pattern: 1xxx001xx0001x011000xxx01100xx110
Input Vector With X Assigned: 111100111000110110001110110011110
Fault Free: 0111001001110011101100010
Detected : 1231/1
Faulty Response: 0111001001110011101100011
Detected : 346/0
Faulty Response: 0011001001110011101100010

Input Pattern: 1xxx101xx0001x010xxxxxxxx0xxxxx1x
Input Vector With X Assigned: 111110111000110101111111101111111
Fault Free: 1111001101110011111000011
Detected : 346/0
Faulty Response: 1011001101110011111000011
Detected : 2829/1
Faulty Response: 2222222222222222211000010

Input Pattern: 1xxx001xx1001x011000xx0111000x111
Input Vector With X Assigned: 111100111100110110001101110001111
Fault Free: 0111101001110011101111100
Detected : 346/0
Faulty Response: 0011101001110011101111100
Detected : 1697/0
Faulty Response: 0111101001110011101111101

Input Pattern: 1xxx001xx1101x011000xx0111000x111
Input Vector With X Assigned: 111100111110110110001101110001111
Fault Free: 0111101001111011100011111
Detected : 346/0
Faulty Response: 0011101001111011100011111
Detected : 1697/0
Faulty Response: 0111101001111011100011110
Detected : 1661/1
Faulty Response: 0111101001111011100011110

Input Pattern: xxxxxxxxxx0xxxxx0000xxx011x1x01x1Input Vector With X Assigned: 111111111101111100001110111110111
Fault Free: 1111111111110111100101111
Detected : 346/0
Faulty Response: 1011111111110111100101111
Detected : 2829/1
Faulty Response: 2222222222222222200101110
Detected : 1661/1
Faulty Response: 1111111111110111100101110
Detected : 2129/1
Faulty Response: 1111111111111111101011110

X Value: 2

Input Pattern: 1xxx001xx0001x011000xxx01100xx110
Input Vector With X Assigned: 122200122000120110002220110022110
Fault Free: 0222001001220012122222220
Detected : 1231/1
Faulty Response: 0222001001220012122222221
Detected : 346/0
Faulty Response: 0022001001220012122222220

Input Pattern: 1xxx101xx0001x010xxxxxxxx0xxxxx1x
Input Vector With X Assigned: 122210122000120102222222202222212
Fault Free: 2222222222222222222222221
Detected : 2829/1
Faulty Response: 2222222222222222222222220

Input Pattern: 1xxx001xx1001x011000xx0111000x111
Input Vector With X Assigned: 122200122100120110002201110002111
Fault Free: 0222101001220012122222120
Detected : 346/0
Faulty Response: 0022101001220012122222120
Detected : 1697/0
Faulty Response: 0222101001220012122222121

Input Pattern: 1xxx001xx1101x011000xx0111000x111
Input Vector With X Assigned: 122200122110120110002201110002111
Fault Free: 0222101001221012122222121
Detected : 346/0
Faulty Response: 0022101001221012122222121
Detected : 1697/0
Faulty Response: 0222101001221012122222120
Detected : 1661/1
Faulty Response: 0222101001221012122222120

Input Pattern: xxxxxxxxxx0xxxxx0000xxx011x1x01x1Input Vector With X Assigned: 222222222202222200002220112120121
Fault Free: 2222222222220222122222212
Detected : 346/0
Faulty Response: 2022222222220222122222212
Detected : 2129/1
Faulty Response: 2222222222221222122222212
