

X Value: 0

Input Pattern: xxxxx0111xxx1xxxxxxxxxxxxxxxxxxxxxxxxxxxxxxxxxxxxxx11xxxxxxxxxx011xxxxxxxxxxxxxxxxxxxxxxxxxxxxxxxxxxxxxxxxxxxxxxxxxxxxxxxxxxxxxxxxxxxxxxxxxxxxxxxxxxxxxxxxx0xxxxxxxxxxxxxxxxxxxxxxxxxxxxxx000001111xxxxxxxxxx1x
Input Vector With X Assigned: 000000111000100000000000000000000000000000000000000110000000000011000000000000000000000000000000000000000000000000000000000000000000000000000000000000000000000000000000000000000000000000000001111000000000010
Fault Free: 000000000000000000000000111100000000010000111100111111001100111111100111011010111111111111110000111111111000
Detected : 8678/0
Faulty Response: 222222222222222222222222222222222222222222222222222222221100111111100111011010111111111111110000111111111001
Detected : 1308/1
Faulty Response: 222222222222222222222222222222222222222222222222222221001000111111100111011010111111110111111100111111111000
Detected : 6649/1
Faulty Response: 222222222222222222222222222222222222222222222222222222221100111111100111011010111111111111110000111111111010

Input Pattern: xxxxx0111xxx1xxxxxxxxxxxxxxxxxxxxxxxxxxxxxxxxxxxxxx11xxxxxxxxxx011xxxxxxxxxxxxxxxxxxxxxxxxxxxxxxxxxxxxxxxxxxxxxxxxxxxxxxxxxxxxxxxxxxxxxxxxxxxxxxxxxxxxxxxxxxxxxxxxxxxxxxxxxxxxxxxxxxxxxxxx000000111xxxxxxxxxx1x
Input Vector With X Assigned: 000000111000100000000000000000000000000000000000000110000000000011000000000000000000000000000000000000000000000000000000000000000000000000000000000000000000000000000000000000000000000000000000111000000000010
Fault Free: 000000000000000000000000011100000000010000111100111111001100111111101111011010111111111111110000111111111001
Detected : 1308/1
Faulty Response: 222222222222222222222222222222222222222222222222222221001000111111101111011010111111110111111100111111111001
Detected : 10806/0
Faulty Response: 222222222222222222222222222222222222222222222222222222222222222222222222222222222222222222210000111111111000
Detected : 6649/1
Faulty Response: 222222222222222222222222222222222222222222222222222222221100111111101111011010111111111111110000111111111011

Input Pattern: xxxxx0xxx11xxx10xxxxxxxxxxxxx1xxxxxxxxxxxxxxxxxxx111xxxxxxxxx11111xxxxxxxxxxxxxxxxxxxxxxxxxxxxxxxxxxxxxxxxxxxxxxxxxxxxxxxxxxxxxxxxxxxxxxxxxxxxx0xxxxxxxxxxxxxxxxxxxxxxxxxxxxxxxxxxxxxxxxxx111110111x0000001100xInput Vector With X Assigned: 000000000110001000000000000001000000000000000000011100000000011111000000000000000000000000000000000000000000000000000000000000000000000000000000000000000000000000000000000000000000000000111110111000000011000
Fault Free: 000000000000000000011111011100000011010000111100111111000100100000000111001011000111111111110000111101010001
Detected : 1308/1
Faulty Response: 222222222222222222222222222222222222222222222222222221000000100000000111001011000111110111111100111101010001
Detected : 7222/1
Faulty Response: 222222222222222222222222222222222222222222222222222222220100100000000111001011000111111111110000111101010011

X Value: 1

Input Pattern: xxxxx0111xxx1xxxxxxxxxxxxxxxxxxxxxxxxxxxxxxxxxxxxxx11xxxxxxxxxx011xxxxxxxxxxxxxxxxxxxxxxxxxxxxxxxxxxxxxxxxxxxxxxxxxxxxxxxxxxxxxxxxxxxxxxxxxxxxxxxxxxxxxxxxx0xxxxxxxxxxxxxxxxxxxxxxxxxxxxxx000001111xxxxxxxxxx1x
Input Vector With X Assigned: 111110111111111111111111111111111111111111111111111111111111111011111111111111111111111111111111111111111111111111111111111111111111111111111111111111111110111111111111111111111111111111000001111111111111111
Fault Free: 111111111111111111100000111111111111101111000011101101111011011111100111110100111000010000011111111111111100
Detected : 8678/0
Faulty Response: 222222222222222222222222222222222222222222222222222222221011011111100111110100111000010000011111111111111101

Input Pattern: xxxxx0111xxx1xxxxxxxxxxxxxxxxxxxxxxxxxxxxxxxxxxxxxx11xxxxxxxxxx011xxxxxxxxxxxxxxxxxxxxxxxxxxxxxxxxxxxxxxxxxxxxxxxxxxxxxxxxxxxxxxxxxxxxxxxxxxxxxxxxxxxxxxxxxxxxxxxxxxxxxxxxxxxxxxxxxxxxxxxx000000111xxxxxxxxxx1x
Input Vector With X Assigned: 111110111111111111111111111111111111111111111111111111111111111011111111111111111111111111111111111111111111111111111111111111111111111111111111111111111111111111111111111111111111111111000000111111111111111
Fault Free: 111111111111111111100000011111111111101111000011101101111011011111101111110100111000010000011111111111111101
Detected : 10806/0
Faulty Response: 222222222222222222222222222222222222222222222222222222222222222222222222222222222222222222211111111111111100

Input Pattern: xxxxx0xxx11xxx10xxxxxxxxxxxxx1xxxxxxxxxxxxxxxxxxx111xxxxxxxxx11111xxxxxxxxxxxxxxxxxxxxxxxxxxxxxxxxxxxxxxxxxxxxxxxxxxxxxxxxxxxxxxxxxxxxxxxxxxxxx0xxxxxxxxxxxxxxxxxxxxxxxxxxxxxxxxxxxxxxxxxx111110111x0000001100xInput Vector With X Assigned: 111110111111111011111111111111111111111111111111111111111111111111111111111111111111111111111111111111111111111111111111111111111111111111111110111111111111111111111111111111111111111111111110111100000011001
Fault Free: 111111111111111111111111011110000011001101000011101101111011011110000111100101000000010000011111111101010100
Detected : 7222/1
Faulty Response: 222222222222222222222222222222222222222222222222222222221011011110000111100101000000010000011111111101010110

X Value: 2

Input Pattern: xxxxx0111xxx1xxxxxxxxxxxxxxxxxxxxxxxxxxxxxxxxxxxxxx11xxxxxxxxxx011xxxxxxxxxxxxxxxxxxxxxxxxxxxxxxxxxxxxxxxxxxxxxxxxxxxxxxxxxxxxxxxxxxxxxxxxxxxxxxxxxxxxxxxxx0xxxxxxxxxxxxxxxxxxxxxxxxxxxxxx000001111xxxxxxxxxx1x
Input Vector With X Assigned: 222220111222122222222222222222222222222222222222222112222222222011222222222222222222222222222222222222222222222222222222222222222222222222222222222222222220222222222222222222222222222222000001111222222222212
Fault Free: 222222222222222222200000111122222222222222222222222222221222211111100222222222222222222222222222222222222220
Detected : 8678/0
Faulty Response: 222222222222222222222222222222222222222222222222222222221222211111100222222222222222222222222222222222222221

Input Pattern: xxxxx0111xxx1xxxxxxxxxxxxxxxxxxxxxxxxxxxxxxxxxxxxxx11xxxxxxxxxx011xxxxxxxxxxxxxxxxxxxxxxxxxxxxxxxxxxxxxxxxxxxxxxxxxxxxxxxxxxxxxxxxxxxxxxxxxxxxxxxxxxxxxxxxxxxxxxxxxxxxxxxxxxxxxxxxxxxxxxxx000000111xxxxxxxxxx1x
Input Vector With X Assigned: 222220111222122222222222222222222222222222222222222112222222222011222222222222222222222222222222222222222222222222222222222222222222222222222222222222222222222222222222222222222222222222000000111222222222212
Fault Free: 222222222222222222200000011122222222222222222222222222221222211111101222222222222222222222222222222222222221
Detected : 10806/0
Faulty Response: 222222222222222222222222222222222222222222222222222222222222222222222222222222222222222222222222222222222220

Input Pattern: xxxxx0xxx11xxx10xxxxxxxxxxxxx1xxxxxxxxxxxxxxxxxxx111xxxxxxxxx11111xxxxxxxxxxxxxxxxxxxxxxxxxxxxxxxxxxxxxxxxxxxxxxxxxxxxxxxxxxxxxxxxxxxxxxxxxxxxx0xxxxxxxxxxxxxxxxxxxxxxxxxxxxxxxxxxxxxxxxxx111110111x0000001100xInput Vector With X Assigned: 222220222112221022222222222221222222222222222222211122222222211111222222222222222222222222222222222222222222222222222222222222222222222222222220222222222222222222222222222222222222222222111110111200000011002
Fault Free: 222222222222222222211111011120000011022202222222222222222222222220000222222222222222222222212222111101012202
Detected : 7222/1
Faulty Response: 222222222222222222222222222222222222222222222222222222222222222220000222222222222222222222212222111101012212
