

X Value: 0

Input Pattern: xxxxxxxxxxxxxxxxxxxxxxxxxxxxx1xxxxxxxxxxxxxxxxx0x100000xxxxx
Input Vector With X Assigned: 000000000000000000000000000001000000000000000000010000000000
Fault Free: 00000111101000010100000000
Detected : 340/0
Faulty Response: 00000111101000010000000000

Input Pattern: 1xxx11xx11xxxxx11xxxxxxxxxxxxxxxxxxxxxxxxxxxxxx0x010x00xx1x0
Input Vector With X Assigned: 100011001100000110000000000000000000000000000000001000000100
Fault Free: 00000111101100000000001000
Detected : 758/0
Faulty Response: 22222222222222200100001000

Input Pattern: x0xxxxxxxx0xxxxxxxxxxxx1xxxxxxxxxx0xxxxxxxxxxxxxx00001xxxxx1
Input Vector With X Assigned: 000000000000000000000001000000000000000000000000000001000001
Fault Free: 00000111101000010000000000
Detected : 466/1
Faulty Response: 22222222222222210000000100
Detected : 347/1
Faulty Response: 00000111101000010000000100

Input Pattern: 10x01xx01x1xxxxxxxxxxxx1xxxxxxxxxxxxxxx1xxxxxxxxx00001xxxxxx
Input Vector With X Assigned: 100010001010000000000001000000000000000100000000000001000000
Fault Free: 00000111101100010000000000
Detected : 466/1
Faulty Response: 22222222222222210000000100
Detected : 375/1
Faulty Response: 00000111101100010000000100
Detected : 347/1
Faulty Response: 00000111101100010000000100

Input Pattern: 00xxxxxxxx0xxxxxxxxxxxx1xxxxxxxxxxxxxxxxxxxxxxxxx00001xxxxxx
Input Vector With X Assigned: 000000000000000000000001000000000000000000000000000001000000
Fault Free: 00000111101000010000000000
Detected : 466/1
Faulty Response: 22222222222222210000000100
Detected : 347/1
Faulty Response: 00000111101000010000000100

X Value: 1

Input Pattern: xxxxxxxxxxxxxxxxxxxxxxxxxxxxx1xxxxxxxxxxxxxxxxx0x100000xxxxx
Input Vector With X Assigned: 111111111111111111111111111111111111111111111110110000011111
Fault Free: 11111100010111101111111111
Detected : 340/0
Faulty Response: 11111100010111101011111111

Input Pattern: 1xxx11xx11xxxxx11xxxxxxxxxxxxxxxxxxxxxxxxxxxxxx0x010x00xx1x0
Input Vector With X Assigned: 111111111111111111111111111111111111111111111110101010011110
Fault Free: 11111100010111101011111111
Detected : 758/0
Faulty Response: 22222222222222201111111111

Input Pattern: x0xxxxxxxx0xxxxxxxxxxxx1xxxxxxxxxx0xxxxxxxxxxxxxx00001xxxxx1
Input Vector With X Assigned: 101111111101111111111111111111111101111111111111100001111111
Fault Free: 11110111110100100101111011
Detected : 466/1
Faulty Response: 22222222222222200111111111
Detected : 347/1
Faulty Response: 11110111110100100111111111

Input Pattern: 10x01xx01x1xxxxxxxxxxxx1xxxxxxxxxxxxxxx1xxxxxxxxx00001xxxxxx
Input Vector With X Assigned: 101011101111111111111111111111111111111111111111100001111111
Fault Free: 01010100111100100101111010
Detected : 466/1
Faulty Response: 22222222222222200111111111
Detected : 375/1
Faulty Response: 01010100111100100111111111
Detected : 347/1
Faulty Response: 01010100111100100111111111

Input Pattern: 00xxxxxxxx0xxxxxxxxxxxx1xxxxxxxxxxxxxxxxxxxxxxxxx00001xxxxxx
Input Vector With X Assigned: 001111111101111111111111111111111111111111111111100001111111
Fault Free: 11110111111000100111111011
Detected : 466/1
Faulty Response: 22222222222222200111111111
Detected : 347/1
Faulty Response: 11110111111000100111111111

X Value: 2

Input Pattern: xxxxxxxxxxxxxxxxxxxxxxxxxxxxx1xxxxxxxxxxxxxxxxx0x100000xxxxx
Input Vector With X Assigned: 222222222222222222222222222221222222222222222220210000022222
Fault Free: 22222222222222222122222222
Detected : 340/0
Faulty Response: 22222222222222222022222222

Input Pattern: 1xxx11xx11xxxxx11xxxxxxxxxxxxxxxxxxxxxxxxxxxxxx0x010x00xx1x0
Input Vector With X Assigned: 122211221122222112222222222222222222222222222220201020022120
Fault Free: 22222222222122222022222222
Detected : 758/0
Faulty Response: 22222222222222222122222222

Input Pattern: x0xxxxxxxx0xxxxxxxxxxxx1xxxxxxxxxx0xxxxxxxxxxxxxx00001xxxxx1
Input Vector With X Assigned: 202222222202222222222221222222222202222222222222200001222221
Fault Free: 22220211122200222202222022
Detected : 466/1
Faulty Response: 22222222222222222222222122
Detected : 347/1
Faulty Response: 22220211122200222222222122

Input Pattern: 10x01xx01x1xxxxxxxxxxxx1xxxxxxxxxxxxxxx1xxxxxxxxx00001xxxxxx
Input Vector With X Assigned: 102012201212222222222221222222222222222122222222200001222222
Fault Free: 02020122121100222222222020
Detected : 466/1
Faulty Response: 22222222222222222222222122
Detected : 375/1
Faulty Response: 02020122121100222222222122
Detected : 347/1
Faulty Response: 02020122121100222222222122

Input Pattern: 00xxxxxxxx0xxxxxxxxxxxx1xxxxxxxxxxxxxxxxxxxxxxxxx00001xxxxxx
Input Vector With X Assigned: 002222222202222222222221222222222222222222222222200001222222
Fault Free: 22220111121000222222222022
Detected : 466/1
Faulty Response: 22222222222222222222222122
Detected : 347/1
Faulty Response: 22220111121000222222222122
